{
  "0 debug pnpm:scope": {
    "selected": 1
  },
  "1 error pnpm": {
    "code": "ELIFECYCLE",
    "errno": "ENOENT",
    "syscall": "spawn",
    "file": "sh",
    "pkgid": "backendcoderhouse@0.0.0",
    "stage": "dev",
    "script": "nodemon ./src/index.js",
    "pkgname": "backendcoderhouse",
    "err": {
      "name": "pnpm",
      "message": "backendcoderhouse@0.0.0 dev: `nodemon ./src/index.js`\nspawn ENOENT",
      "code": "ELIFECYCLE",
      "stack": "pnpm: backendcoderhouse@0.0.0 dev: `nodemon ./src/index.js`\nspawn ENOENT\n    at ChildProcess.<anonymous> (/Users/MuchoGusto/.nvm/versions/node/v18.1.0/lib/node_modules/pnpm/dist/pnpm.cjs:93535:22)\n    at ChildProcess.emit (node:events:527:28)\n    at maybeClose (node:internal/child_process:1090:16)\n    at ChildProcess._handle.onexit (node:internal/child_process:302:5)"
    }
  },
  "2 warn pnpm:global": " Local package.json exists, but node_modules missing, did you mean to install?"
}